GooglePlay/build/intermediates/proguard-rules/release/aapt_rules.txt
# view res/layout/activity_image_screen.xml #generated:6
# view res/layout/activity_main.xml #generated:19
# view res/layout/home_viewpager.xml #generated:7
-keep class android.support.v4.view.ViewPager { <init>(...); }

# view res/layout/activity_main.xml #generated:1
-keep class android.support.v4.widget.DrawerLayout { <init>(...); }

# view res/layout/abc_action_menu_item_layout.xml #generated:17
-keep class android.support.v7.internal.view.menu.ActionMenuItemView { <init>(...); }

# view res/layout/abc_action_menu_layout.xml #generated:17
-keep class android.support.v7.internal.view.menu.ActionMenuView { <init>(...); }

# view res/layout/abc_expanded_menu_layout.xml #generated:17
-keep class android.support.v7.internal.view.menu.ExpandedMenuView { <init>(...); }

# view res/layout/abc_list_menu_item_layout.xml #generated:17
# view res/layout/abc_popup_menu_item_layout.xml #generated:17
-keep class android.support.v7.internal.view.menu.ListMenuItemView { <init>(...); }

# view res/layout/abc_action_bar_decor_include.xml #generated:19
# view res/layout/abc_action_bar_decor_include.xml #generated:47
# view res/layout/abc_action_bar_decor_overlay.xml #generated:29
# view res/layout/abc_action_bar_decor_overlay.xml #generated:52
-keep class android.support.v7.internal.widget.ActionBarContainer { <init>(...); }

# view res/layout/abc_action_bar_decor_include.xml #generated:31
# view res/layout/abc_action_bar_decor_overlay.xml #generated:40
# view res/layout/abc_action_mode_bar.xml #generated:19
-keep class android.support.v7.internal.widget.ActionBarContextView { <init>(...); }

# view res/layout/abc_action_bar_decor_overlay.xml #generated:17
-keep class android.support.v7.internal.widget.ActionBarOverlayLayout { <init>(...); }

# view res/layout/abc_action_bar_decor_include.xml #generated:25
# view res/layout/abc_action_bar_decor_overlay.xml #generated:35
-keep class android.support.v7.internal.widget.ActionBarView { <init>(...); }

# view res/layout/abc_action_bar_home.xml #generated:17
-keep class android.support.v7.internal.widget.ActionBarView$HomeView { <init>(...); }

# view res/layout/abc_action_bar_tabbar.xml #generated:17
-keep class android.support.v7.internal.widget.LinearLayoutICS { <init>(...); }

# view v11\res/layout-v11/abc_action_bar_decor.xml #generated:17
-keep class android.support.v7.internal.widget.NativeActionModeAwareLayout { <init>(...); }

# view res/layout/abc_action_bar_tab.xml #generated:17
-keep class android.support.v7.internal.widget.ScrollingTabContainerView$TabView { <init>(...); }

# view res/layout/abc_search_view.xml #generated:85
-keep class android.support.v7.widget.SearchView$SearchAutoComplete { <init>(...); }

# view AndroidManifest.xml #generated:33
-keep class com.annie.googleplay.activity.AppDetailActivity { <init>(...); }

# view AndroidManifest.xml #generated:37
-keep class com.annie.googleplay.activity.ImageScreenActivity { <init>(...); }

# view AndroidManifest.xml #generated:24
-keep class com.annie.googleplay.activity.MainActivity { <init>(...); }

# view AndroidManifest.xml #generated:17
-keep class com.annie.googleplay.global.GooglePlayApplication { <init>(...); }

# view res/layout/activity_main.xml #generated:14
-keep class com.annie.googleplay.ui.view.PagerSlidingTab { <init>(...); }

# view res/layout/ptr_listview.xml #generated:2
-keep class com.handmark.pulltorefresh.library.PullToRefreshListView { <init>(...); }