GooglePlay/build/outputs/mapping/release/seeds.txt
com.annie.googleplay.R$anim: int abc_fade_in
com.annie.googleplay.R$anim: int abc_fade_out
com.annie.googleplay.R$anim: int abc_slide_in_bottom
com.annie.googleplay.R$anim: int abc_slide_in_top
com.annie.googleplay.R$anim: int abc_slide_out_bottom
com.annie.googleplay.R$anim: int abc_slide_out_top
com.annie.googleplay.R$anim: int slide_in_from_bottom
com.annie.googleplay.R$anim: int slide_in_from_top
com.annie.googleplay.R$anim: int slide_out_to_bottom
com.annie.googleplay.R$anim: int slide_out_to_top
com.annie.googleplay.R$array: int tab_names
com.annie.googleplay.R$attr: int actionBarDivider
com.annie.googleplay.R$attr: int actionBarItemBackground
com.annie.googleplay.R$attr: int actionBarSize
com.annie.googleplay.R$attr: int actionBarSplitStyle
com.annie.googleplay.R$attr: int actionBarStyle
com.annie.googleplay.R$attr: int actionBarTabBarStyle
com.annie.googleplay.R$attr: int actionBarTabStyle
com.annie.googleplay.R$attr: int actionBarTabTextStyle
com.annie.googleplay.R$attr: int actionBarWidgetTheme
com.annie.googleplay.R$attr: int actionButtonStyle
com.annie.googleplay.R$attr: int actionDropDownStyle
com.annie.googleplay.R$attr: int actionLayout
com.annie.googleplay.R$attr: int actionMenuTextAppearance
com.annie.googleplay.R$attr: int actionMenuTextColor
com.annie.googleplay.R$attr: int actionModeBackground
com.annie.googleplay.R$attr: int actionModeCloseButtonStyle
com.annie.googleplay.R$attr: int actionModeCloseDrawable
com.annie.googleplay.R$attr: int actionModeCopyDrawable
com.annie.googleplay.R$attr: int actionModeCutDrawable
com.annie.googleplay.R$attr: int actionModeFindDrawable
com.annie.googleplay.R$attr: int actionModePasteDrawable
com.annie.googleplay.R$attr: int actionModePopupWindowStyle
com.annie.googleplay.R$attr: int actionModeSelectAllDrawable
com.annie.googleplay.R$attr: int actionModeShareDrawable
com.annie.googleplay.R$attr: int actionModeSplitBackground
com.annie.googleplay.R$attr: int actionModeStyle
com.annie.googleplay.R$attr: int actionModeWebSearchDrawable
com.annie.googleplay.R$bool: int abc_action_bar_embed_tabs_pre_jb
com.annie.googleplay.R$bool: int abc_action_bar_expanded_action_views_exclusive
com.annie.googleplay.R$bool: int abc_config_actionMenuItemAllCaps
com.annie.googleplay.R$bool: int abc_config_allowActionMenuItemTextWithIcon
com.annie.googleplay.R$bool: int abc_config_showMenuShortcutsWhenKeyboardPresent
com.annie.googleplay.R$bool: int abc_split_action_bar_is_narrow
com.annie.googleplay.R$color: int abc_search_url_text_holo
com.annie.googleplay.R$color: int abc_search_url_text_normal
com.annie.googleplay.R$color: int abc_search_url_text_pressed
com.annie.googleplay.R$color: int abc_search_url_text_selected
com.annie.googleplay.R$color: int background_tab_pressed
com.annie.googleplay.R$color: int bg_page
com.annie.googleplay.R$color: int bg_tab_pressed
com.annie.googleplay.R$color: int bg_tab_pressed2
com.annie.googleplay.R$color: int bg_window
com.annie.googleplay.R$color: int detail_screen_bg
com.annie.googleplay.R$color: int item_divider
com.annie.googleplay.R$color: int list_item_pressed
com.annie.googleplay.R$color: int menu_bg_normal
com.annie.googleplay.R$color: int menu_bg_press
com.annie.googleplay.R$color: int progress
com.annie.googleplay.R$color: int slidingtab_indicatorcolor
com.annie.googleplay.R$color: int txt_big
com.annie.googleplay.R$color: int txt_small
com.annie.googleplay.R$color: int txt_title
...
android.support.v4.app.BackStackState
android.support.v4.app.BackStackState: android.os.Parcelable$Creator CREATOR
android.support.v4.app.Fragment$SavedState
android.support.v4.app.Fragment$SavedState: android.os.Parcelable$Creator CREATOR
android.support.v4.app.FragmentActivity
android.support.v4.app.FragmentActivity: FragmentActivity()
android.support.v4.app.FragmentManagerState
android.support.v4.app.FragmentManagerState: android.os.Parcelable$Creator CREATOR
android.support.v4.app.FragmentState
android.support.v4.app.FragmentState: android.os.Parcelable$Creator CREATOR
android.support.v4.app.FragmentTabHost
android.support.v4.app.FragmentTabHost: FragmentTabHost(android.content.Context,android.util.AttributeSet)
android.support.v4.app.FragmentTabHost: void setOnTabChangedListener(android.widget.TabHost$OnTabChangeListener)
android.support.v4.app.FragmentTabHost$SavedState
android.support.v4.app.FragmentTabHost$SavedState: android.os.Parcelable$Creator CREATOR
android.support.v4.content.FileProvider
android.support.v4.content.ModernAsyncTask$Status: android.support.v4.content.ModernAsyncTask$Status[] values()
android.support.v4.content.ModernAsyncTask$Status: android.support.v4.content.ModernAsyncTask$Status valueOf(java.lang.String)
android.support.v4.content.WakefulBroadcastReceiver
android.support.v4.view.PagerTabStrip
android.support.v4.view.PagerTabStrip: PagerTabStrip(android.content.Context,android.util.AttributeSet)
android.support.v4.view.PagerTabStrip: void setTabIndicatorColor(int)
android.support.v4.view.PagerTabStrip: void setTabIndicatorColorResource(int)
android.support.v4.view.PagerTabStrip: int getTabIndicatorColor()
android.support.v4.view.PagerTabStrip: void setTextSpacing(int)
android.support.v4.view.PagerTabStrip: void setBackgroundDrawable(android.graphics.drawable.Drawable)
android.support.v4.view.PagerTabStrip: void setBackgroundColor(int)
android.support.v4.view.PagerTabStrip: void setBackgroundResource(int)
android.support.v4.view.PagerTabStrip: void setDrawFullUnderline(boolean)
android.support.v4.view.PagerTabStrip: boolean getDrawFullUnderline()
android.support.v4.view.PagerTabStrip: int getMinHeight()
android.support.v4.view.PagerTitleStrip
android.support.v4.view.PagerTitleStrip: void setSingleLineAllCaps(android.widget.TextView)
android.support.v4.view.PagerTitleStrip: PagerTitleStrip(android.content.Context,android.util.AttributeSet)
android.support.v4.view.PagerTitleStrip: void setTextSpacing(int)
android.support.v4.view.PagerTitleStrip: int getTextSpacing()
android.support.v4.view.PagerTitleStrip: void setNonPrimaryAlpha(float)
android.support.v4.view.PagerTitleStrip: void setTextColor(int)
android.support.v4.view.PagerTitleStrip: void setGravity(int)
android.support.v4.view.PagerTitleStrip: int getMinHeight()