GooglePlay/build/outputs/mapping/release/mapping.txt
com.annie.googleplay.R -> com.annie.googleplay.a:
com.annie.googleplay.R$styleable -> com.annie.googleplay.b:
    int[] ActionBar -> ActionBar
    int ActionBar_background -> ActionBar_background
    int ActionBar_backgroundSplit -> ActionBar_backgroundSplit
    int ActionBar_backgroundStacked -> ActionBar_backgroundStacked
    int ActionBar_customNavigationLayout -> ActionBar_customNavigationLayout
    int ActionBar_displayOptions -> ActionBar_displayOptions
    int ActionBar_divider -> ActionBar_divider
    int ActionBar_height -> ActionBar_height
    int ActionBar_homeLayout -> ActionBar_homeLayout
    int ActionBar_icon -> ActionBar_icon
    int ActionBar_indeterminateProgressStyle -> ActionBar_indeterminateProgressStyle
    int ActionBar_itemPadding -> ActionBar_itemPadding
    int ActionBar_logo -> ActionBar_logo
    int ActionBar_navigationMode -> ActionBar_navigationMode
    int ActionBar_progressBarPadding -> ActionBar_progressBarPadding
    int ActionBar_progressBarStyle -> ActionBar_progressBarStyle
    int ActionBar_subtitle -> ActionBar_subtitle
    int ActionBar_subtitleTextStyle -> ActionBar_subtitleTextStyle
    int ActionBar_title -> ActionBar_title
    int ActionBar_titleTextStyle -> ActionBar_titleTextStyle
    int[] ActionBarLayout -> ActionBarLayout
    int ActionBarLayout_android_layout_gravity -> ActionBarLayout_android_layout_gravity
    int[] ActionBarWindow -> ActionBarWindow
    int ActionBarWindow_windowActionBar -> ActionBarWindow_windowActionBar
com.annie.googleplay.activity.AppDetailActivity -> com.annie.googleplay.activity.AppDetailActivity:
    java.lang.String packageName -> o
    com.annie.googleplay.bean.AppInfo appDetailInfos -> p
    com.annie.googleplay.holder.infoHolder appInfoHolder -> q
    android.widget.LinearLayout holder_container -> r
    com.annie.googleplay.holder.SafeHolder safeHolder -> s
    com.annie.googleplay.holder.ScreenHolder screenHolder -> t
    com.annie.googleplay.holder.AppDesHolder appDesHolder -> u
    android.widget.ScrollView scrollView -> v
    android.widget.FrameLayout download_container -> w
    com.annie.googleplay.holder.DownloadHolder downloadHolder -> x
    void <init>() -> <init>
    void onCreate(android.os.Bundle) -> onCreate
    java.lang.Object requestData() -> i
    void setActionBar() -> j
    boolean onOptionsItemSelected(android.view.MenuItem) -> onOptionsItemSelected
    void onDestroy() -> onDestroy
    java.lang.Object access$000(com.annie.googleplay.activity.AppDetailActivity) -> a
    android.widget.LinearLayout access$102(com.annie.googleplay.activity.AppDetailActivity,android.widget.LinearLayout) -> a
    android.widget.ScrollView access$202(com.annie.googleplay.activity.AppDetailActivity,android.widget.ScrollView) -> a
    android.widget.FrameLayout access$302(com.annie.googleplay.activity.AppDetailActivity,android.widget.FrameLayout) -> a
com.annie.googleplay.activity.AppDetailActivity$1 -> com.annie.googleplay.activity.a:
    com.annie.googleplay.activity.AppDetailActivity this$0 -> a
    void <init>(com.annie.googleplay.activity.AppDetailActivity,android.content.Context) -> <init>
    java.lang.Object loadData() -> a
    android.view.View createSuccessPage() -> b
com.annie.googleplay.activity.AppDetailActivity$2 -> com.annie.googleplay.activity.b:
    com.annie.googleplay.activity.AppDetailActivity this$0 -> a
    void <init>(com.annie.googleplay.activity.AppDetailActivity) -> <init>
    void run() -> run
com.annie.googleplay.activity.ImageScreenActivity -> com.annie.googleplay.activity.ImageScreenActivity:
    android.support.v4.view.ViewPager viewPager -> a
    void <init>() -> <init>
    void onCreate(android.os.Bundle) -> onCreate
...
android.support.v4.view.GravityCompatJellybeanMr1 -> android.support.v4.view.u:
    int getAbsoluteGravity(int,int) -> a
android.support.v4.view.KeyEventCompat -> android.support.v4.view.v:
    android.support.v4.view.KeyEventCompat$KeyEventVersionImpl IMPL -> a
    boolean hasModifiers(android.view.KeyEvent,int) -> a
    boolean hasNoModifiers(android.view.KeyEvent) -> a
    void startTracking(android.view.KeyEvent) -> b
    void <clinit>() -> <clinit>
android.support.v4.view.KeyEventCompat$BaseKeyEventVersionImpl -> android.support.v4.view.w:
    void <init>() -> <init>
    int metaStateFilterDirectionalModifiers(int,int,int,int,int) -> a
    int normalizeMetaState(int) -> a
    boolean metaStateHasModifiers(int,int) -> a
    boolean metaStateHasNoModifiers(int) -> b
    void startTracking(android.view.KeyEvent) -> a
android.support.v4.view.KeyEventCompat$EclairKeyEventVersionImpl -> android.support.v4.view.x:
    void <init>() -> <init>
    void startTracking(android.view.KeyEvent) -> a
android.support.v4.view.KeyEventCompat$HoneycombKeyEventVersionImpl -> android.support.v4.view.y:
    void <init>() -> <init>
    int normalizeMetaState(int) -> a
    boolean metaStateHasModifiers(int,int) -> a
    boolean metaStateHasNoModifiers(int) -> b
android.support.v4.view.KeyEventCompat$KeyEventVersionImpl -> android.support.v4.view.z:
    boolean metaStateHasModifiers(int,int) -> a
    boolean metaStateHasNoModifiers(int) -> b
    void startTracking(android.view.KeyEvent) -> a
android.support.v4.view.KeyEventCompatEclair -> android.support.v4.view.aa:
    void startTracking(android.view.KeyEvent) -> a
android.support.v4.view.KeyEventCompatHoneycomb -> android.support.v4.view.ab:
    int normalizeMetaState(int) -> a
    boolean metaStateHasModifiers(int,int) -> a
    boolean metaStateHasNoModifiers(int) -> b
android.support.v4.view.MenuItemCompat -> android.support.v4.view.ac:
    android.support.v4.view.MenuItemCompat$MenuVersionImpl IMPL -> a
    void setShowAsAction(android.view.MenuItem,int) -> a
    android.view.MenuItem setActionView(android.view.MenuItem,android.view.View) -> a
    android.view.MenuItem setActionView(android.view.MenuItem,int) -> b
    android.view.MenuItem setActionProvider(android.view.MenuItem,android.support.v4.view.ActionProvider) -> a
    void <clinit>() -> <clinit>
android.support.v4.view.MenuItemCompat$BaseMenuVersionImpl -> android.support.v4.view.ad:
    void <init>() -> <init>
    void setShowAsAction(android.view.MenuItem,int) -> a
    android.view.MenuItem setActionView(android.view.MenuItem,android.view.View) -> a
    android.view.MenuItem setActionView(android.view.MenuItem,int) -> b
android.support.v4.view.MenuItemCompat$HoneycombMenuVersionImpl -> android.support.v4.view.ae:
    void <init>() -> <init>
    void setShowAsAction(android.view.MenuItem,int) -> a
    android.view.MenuItem setActionView(android.view.MenuItem,android.view.View) -> a
    android.view.MenuItem setActionView(android.view.MenuItem,int) -> b
android.support.v4.view.MenuItemCompat$IcsMenuVersionImpl -> android.support.v4.view.af:
    void <init>() -> <init>
android.support.v4.view.MenuItemCompat$MenuVersionImpl -> android.support.v4.view.ag:
    void setShowAsAction(android.view.MenuItem,int) -> a
    android.view.MenuItem setActionView(android.view.MenuItem,android.view.View) -> a
    android.view.MenuItem setActionView(android.view.MenuItem,int) -> b
android.support.v4.view.MenuItemCompat$OnActionExpandListener -> android.support.v4.view.ah:
    boolean onMenuItemActionExpand(android.view.MenuItem) -> a
    boolean onMenuItemActionCollapse(android.view.MenuItem) -> b
android.support.v4.view.MenuItemCompatHoneycomb -> android.support.v4.view.ai:
    void setShowAsAction(android.view.MenuItem,int) -> a
    android.view.MenuItem setActionView(android.view.MenuItem,android.view.View) -> a
    android.view.MenuItem setActionView(android.view.MenuItem,int) -> b