GooglePlay/build/outputs/mapping/release/usage.txt
com.annie.googleplay.BuildConfig
com.annie.googleplay.R:
    10:1501:public R()
com.annie.googleplay.R$anim
com.annie.googleplay.R$array
com.annie.googleplay.R$attr
com.annie.googleplay.R$bool
com.annie.googleplay.R$color
com.annie.googleplay.R$dimen
com.annie.googleplay.R$drawable
com.annie.googleplay.R$id
com.annie.googleplay.R$integer
com.annie.googleplay.R$layout
com.annie.googleplay.R$menu
com.annie.googleplay.R$string
com.annie.googleplay.R$style
com.annie.googleplay.R$styleable:
    1501:1501:public R$styleable()
com.annie.googleplay.activity.AppDetailActivity:
    android.widget.ImageView iv_icon
    android.widget.RatingBar rb_star
    android.widget.TextView tv_name
    android.widget.TextView tv_download_num
    android.widget.TextView tv_version
    android.widget.TextView tv_date
    android.widget.TextView tv_size
com.annie.googleplay.api.HttpEngine:
    82:94:public void asynGet(java.lang.String,com.annie.googleplay.api.HttpEngine$HttpCallback)
com.annie.googleplay.api.HttpEngine$1
com.annie.googleplay.api.HttpEngine$HttpCallback
com.annie.googleplay.bean.AppInfo:
    32:33:public void setAuthor(java.lang.String)
    44:45:public void setDate(java.lang.String)
    56:57:public void setDownloadNum(java.lang.String)
    68:69:public void setVersion(java.lang.String)
    80:81:public void setScreen(java.util.ArrayList)
    92:93:public void setSafe(java.util.ArrayList)
    104:105:public void setDes(java.lang.String)
    116:117:public void setDownloadUrl(java.lang.String)
    128:129:public void setIconUrl(java.lang.String)
    140:141:public void setId(int)
    152:153:public void setName(java.lang.String)
    164:165:public void setPackageName(java.lang.String)
    176:177:public void setSize(long)
    188:189:public void setStars(float)
com.annie.googleplay.bean.CategoryBean:
    13:14:public void setTitle(java.lang.String)
    19:20:public void setInfos(java.util.List)
com.annie.googleplay.bean.ChildCategory:
    15:16:public void setUrl1(java.lang.String)
    21:22:public void setUrl2(java.lang.String)
    27:28:public void setUrl3(java.lang.String)
    33:34:public void setName1(java.lang.String)
    39:40:public void setName2(java.lang.String)
    45:46:public void setName3(java.lang.String)
com.annie.googleplay.bean.HomeBean:
    19:20:public void setPicture(java.util.ArrayList)
    31:32:public void setList(java.util.ArrayList)
com.annie.googleplay.bean.PageInfo:
    26:27:public void setTitle(java.lang.String)
    34:35:public void setFragment(android.support.v4.app.Fragment)
com.annie.googleplay.bean.SafeInfo:
    11:12:public void setSafeDes(java.lang.String)
    17:18:public void setSafeDesUrl(java.lang.String)
    23:24:public void setSafeUrl(java.lang.String)
com.annie.googleplay.bean.SubjectBean:
    11:12:public void setDes(java.lang.String)
    17:18:public void setUrl(java.lang.String)
com.annie.googleplay.holder.CategoryHolder
com.annie.googleplay.holder.ChildCategoryHolder:
    private android.widget.TextView mTitle
com.annie.googleplay.manager.DownloadManager:
    public static final int STATE_NONE
    public static final int STATE_DOWNLOADING
    public static final int STATE_PAUSE
    public static final int STATE_FINISH
    public static final int STATE_ERROR
    public static final int STATE_WAITING
com.annie.googleplay.manager.ThreadPoolManager:
    67:70:public void remove(java.lang.Runnable)
com.annie.googleplay.ui.fragment.HomeFragment:
    private android.support.v4.view.ViewPager mViewPager
    private com.annie.googleplay.bean.HomeBean homeBeanData
com.annie.googleplay.ui.fragment.RecommendFragment$StellarMapAdapter:
    133:133:public int getNextGroupOnPan(int,float)
com.annie.googleplay.ui.fragment.SubjectFragment:
    private com.annie.googleplay.adapter.HomeAdapter appAdapter
com.annie.googleplay.ui.view.PagerSlidingTab:
    538:538:public boolean isTextAllCaps()
    569:572:public void setTypeface(android.graphics.Typeface,int)
...
android.support.v4.view.accessibility.AccessibilityManagerCompat$AccessibilityManagerStubImpl
android.support.v4.view.accessibility.AccessibilityManagerCompat$AccessibilityManagerVersionImpl
android.support.v4.view.accessibility.AccessibilityManagerCompat$AccessibilityStateChangeListenerCompat
android.support.v4.view.accessibility.AccessibilityManagerCompatIcs
android.support.v4.view.accessibility.AccessibilityManagerCompatIcs$1
android.support.v4.view.accessibility.AccessibilityManagerCompatIcs$AccessibilityStateChangeListenerBridge
android.support.v4.view.accessibility.AccessibilityNodeInfoCompat:
    public static final int ACTION_FOCUS
    public static final int ACTION_CLEAR_FOCUS
    public static final int ACTION_SELECT
    public static final int ACTION_CLEAR_SELECTION
    public static final int ACTION_CLICK
    public static final int ACTION_LONG_CLICK
    public static final int ACTION_ACCESSIBILITY_FOCUS
    public static final int ACTION_CLEAR_ACCESSIBILITY_FOCUS
    public static final int ACTION_NEXT_AT_MOVEMENT_GRANULARITY
    public static final int ACTION_PREVIOUS_AT_MOVEMENT_GRANULARITY
    public static final int ACTION_NEXT_HTML_ELEMENT
    public static final int ACTION_PREVIOUS_HTML_ELEMENT
    public static final int ACTION_SCROLL_FORWARD
    public static final int ACTION_SCROLL_BACKWARD
    public static final int ACTION_COPY
    public static final int ACTION_PASTE
    public static final int ACTION_CUT
    public static final int ACTION_SET_SELECTION
    public static final java.lang.String ACTION_ARGUMENT_MOVEMENT_GRANULARITY_INT
    public static final java.lang.String ACTION_ARGUMENT_HTML_ELEMENT_STRING
    public static final java.lang.String ACTION_ARGUMENT_EXTEND_SELECTION_BOOLEAN
    public static final java.lang.String ACTION_ARGUMENT_SELECTION_START_INT
    public static final java.lang.String ACTION_ARGUMENT_SELECTION_END_INT
    public static final int FOCUS_INPUT
    public static final int FOCUS_ACCESSIBILITY
android.support.v4.view.accessibility.AccessibilityNodeInfoCompat$AccessibilityNodeInfoIcsImpl:
    415:415:public java.lang.Object obtain()
    420:420:public java.lang.Object obtain(android.view.View)
    440:440:public java.util.List findAccessibilityNodeInfosByText(java.lang.Object,java.lang.String)
    460:460:public java.lang.Object getChild(java.lang.Object,int)
    465:465:public int getChildCount(java.lang.Object)
    485:485:public java.lang.Object getParent(java.lang.Object)
    495:495:public int getWindowId(java.lang.Object)
    550:550:public boolean performAction(java.lang.Object,int)
    565:566:public void setCheckable(java.lang.Object,boolean)
    570:571:public void setChecked(java.lang.Object,boolean)
    620:621:public void setPassword(java.lang.Object,boolean)
    640:641:public void setText(java.lang.Object,java.lang.CharSequence)